<?xml version="1.0" encoding="UTF-8"?>
<!-- Generated by org.testng.reporters.JUnitXMLReporter -->
<testsuite ignored="0" hostname="LAPTOP-P56KK1IG" failures="0" tests="4" name="Test1" time="33.431" errors="0" timestamp="2024-05-20T11:33:20 IST">
  <testcase classname="Practics.Web" name="AjioShopping" time="8.74"/>
  <testcase classname="ParametersAnnotation.Ajio" name="AjioShopping" time="14.173"/>
  <testcase classname="ParametersAnnotation.Demo" name="AjioShopping" time="5.455"/>
  <testcase classname="Practics.Shop" name="AjioShopping" time="33.386"/>
</testsuite> <!-- Test1 -->
