<?xml version="1.0" encoding="UTF-8"?>
<!-- Generated by org.testng.reporters.JUnitXMLReporter -->
<testsuite ignored="0" hostname="LAPTOP-P56KK1IG" failures="0" tests="4" name="Test2" time="35.06" errors="0" timestamp="2024-05-20T11:33:55 IST">
  <testcase classname="Practics.Shop" name="AjioShopping" time="25.048"/>
  <testcase classname="Practics.Web" name="AjioShopping" time="26.835"/>
  <testcase classname="ParametersAnnotation.Ajio" name="AjioShopping" time="7.698"/>
  <testcase classname="ParametersAnnotation.Demo" name="AjioShopping" time="8.211"/>
</testsuite> <!-- Test2 -->
